<?xml version="1.0" encoding="UTF-8"?>
<!-- Generated by org.testng.reporters.JUnitReportReporter -->
<testsuite skipped="0" hostname="LAPTOP-97P4TG70" name="Zabiulla.Udemyappium.DragDrop" tests="1" failures="0" timestamp="21 Apr 2023 05:59:15 GMT" time="6.122" errors="0">
  <testcase name="DragDropTest" time="6.122" classname="Zabiulla.Udemyappium.DragDrop"/>
</testsuite> <!-- Zabiulla.Udemyappium.DragDrop -->
