<?xml version="1.0" encoding="UTF-8"?>
<!-- Generated by org.testng.reporters.JUnitReportReporter -->
<testsuite skipped="0" hostname="LAPTOP-97P4TG70" name="Zabiulla.Udemyappium.ScrollDemo" tests="1" failures="0" timestamp="21 Apr 2023 03:24:42 GMT" time="25.400" errors="0">
  <testcase name="ScrollDemoTest" time="25.400" classname="Zabiulla.Udemyappium.ScrollDemo"/>
</testsuite> <!-- Zabiulla.Udemyappium.ScrollDemo -->
