<?xml version="1.0" encoding="UTF-8"?>
<!-- Generated by org.testng.reporters.JUnitReportReporter -->
<testsuite skipped="0" hostname="LAPTOP-97P4TG70" name="Zabiulla.Udemyappium.AppiumBasics" tests="1" failures="0" timestamp="11 May 2023 10:18:28 GMT" time="5.440" errors="0">
  <testcase name="WifiSettingName" time="5.440" classname="Zabiulla.Udemyappium.AppiumBasics"/>
</testsuite> <!-- Zabiulla.Udemyappium.AppiumBasics -->
