<?xml version="1.0" encoding="UTF-8"?>
<!-- Generated by org.testng.reporters.JUnitReportReporter -->
<testsuite skipped="0" hostname="LAPTOP-97P4TG70" name="Zabiulla.Udemyappium.eCommerce_tc_2Toastmessage" tests="1" failures="0" timestamp="12 May 2023 07:47:27 GMT" time="13.322" errors="0">
  <testcase name="Fillform" time="13.322" classname="Zabiulla.Udemyappium.eCommerce_tc_2Toastmessage"/>
</testsuite> <!-- Zabiulla.Udemyappium.eCommerce_tc_2Toastmessage -->
