<?xml version="1.0" encoding="UTF-8"?>
<!-- Generated by org.testng.reporters.JUnitReportReporter -->
<testsuite skipped="0" hostname="LAPTOP-97P4TG70" name="Zabiulla.Udemyappium.SwipeDemo" tests="1" failures="0" timestamp="21 Apr 2023 04:41:46 GMT" time="7.553" errors="0">
  <testcase name="SwipeDemoTest" time="7.553" classname="Zabiulla.Udemyappium.SwipeDemo"/>
</testsuite> <!-- Zabiulla.Udemyappium.SwipeDemo -->
