<?xml version="1.0" encoding="UTF-8"?>
<!-- Generated by org.testng.reporters.JUnitReportReporter -->
<testsuite skipped="0" hostname="LAPTOP-97P4TG70" name="Zabiulla.Udemyappium.eCommerce_tc_4Add2productstothecartandVerifytheAmount" tests="1" failures="0" timestamp="25 Apr 2023 04:12:52 GMT" time="27.515" errors="0">
  <testcase name="Fillform" time="27.515" classname="Zabiulla.Udemyappium.eCommerce_tc_4Add2productstothecartandVerifytheAmount"/>
</testsuite> <!-- Zabiulla.Udemyappium.eCommerce_tc_4Add2productstothecartandVerifytheAmount -->
