<?xml version="1.0" encoding="UTF-8"?>
<!-- Generated by org.testng.reporters.JUnitReportReporter -->
<testsuite skipped="0" hostname="LAPTOP-97P4TG70" name="Zabiulla.Udemyappium.eCommerce_tc_4ScrollandAddProducttoCartandVerifytheTotalAmount" tests="1" failures="0" timestamp="28 Apr 2023 09:35:07 GMT" time="24.273" errors="0">
  <testcase name="Fillform" time="24.273" classname="Zabiulla.Udemyappium.eCommerce_tc_4ScrollandAddProducttoCartandVerifytheTotalAmount"/>
</testsuite> <!-- Zabiulla.Udemyappium.eCommerce_tc_4ScrollandAddProducttoCartandVerifytheTotalAmount -->
