<?xml version="1.0" encoding="UTF-8"?>
<!-- Generated by org.testng.reporters.JUnitReportReporter -->
<testsuite skipped="0" hostname="LAPTOP-97P4TG70" name="Zabiulla.Udemyappium.eCommerce_tc_3AddproductstothecartandVerifytheName" tests="1" failures="0" timestamp="27 Apr 2023 03:07:08 GMT" time="26.397" errors="0">
  <testcase name="Fillform" time="26.397" classname="Zabiulla.Udemyappium.eCommerce_tc_3AddproductstothecartandVerifytheName"/>
</testsuite> <!-- Zabiulla.Udemyappium.eCommerce_tc_3AddproductstothecartandVerifytheName -->
