<?xml version="1.0" encoding="UTF-8"?>
<!-- Generated by org.testng.reporters.JUnitReportReporter -->
<testsuite skipped="0" hostname="LAPTOP-97P4TG70" name="Zabiulla.Udemyappium.eCommerce_tc_3ScrollandAddtoCartandVerify" tests="1" failures="0" timestamp="25 Apr 2023 03:29:16 GMT" time="26.240" errors="0">
  <testcase name="Fillform" time="26.240" classname="Zabiulla.Udemyappium.eCommerce_tc_3ScrollandAddtoCartandVerify"/>
</testsuite> <!-- Zabiulla.Udemyappium.eCommerce_tc_3ScrollandAddtoCartandVerify -->
