<?xml version="1.0" encoding="UTF-8"?>
<!-- Generated by org.testng.reporters.JUnitReportReporter -->
<testsuite skipped="0" hostname="LAPTOP-97P4TG70" name="Zabiulla.Udemyappium.MiscellanousActivity" tests="1" failures="0" timestamp="24 Apr 2023 07:07:45 GMT" time="16.598" errors="0">
  <testcase name="Miscellanous" time="16.598" classname="Zabiulla.Udemyappium.MiscellanousActivity"/>
</testsuite> <!-- Zabiulla.Udemyappium.MiscellanousActivity -->
