<?xml version="1.0" encoding="UTF-8"?>
<!-- Generated by org.testng.reporters.JUnitReportReporter -->
<testsuite skipped="0" hostname="LAPTOP-97P4TG70" name="Zabiulla.Udemyappium.LongPress" tests="1" failures="0" timestamp="20 Apr 2023 10:59:03 GMT" time="7.450" errors="0">
  <testcase name="LongPressGuseter" time="7.450" classname="Zabiulla.Udemyappium.LongPress"/>
</testsuite> <!-- Zabiulla.Udemyappium.LongPress -->
