<?xml version="1.0" encoding="UTF-8"?>
<!-- Generated by org.testng.reporters.JUnitReportReporter -->
<testsuite skipped="0" hostname="LAPTOP-97P4TG70" name="Zabiulla.Udemyappium.Excercise" tests="1" failures="0" timestamp="21 Apr 2023 06:26:01 GMT" time="5.402" errors="0">
  <testcase name="Excercise" time="5.402" classname="Zabiulla.Udemyappium.Excercise"/>
</testsuite> <!-- Zabiulla.Udemyappium.Excercise -->
